20137
0
LUI
2 4 0 131072
Ins_queue.size=1
SLB.size=0
ROB.size=0
ROB.L=1
ROB.L type=LUI
0
1
0 0 0 0 0 0 0 0 0 0 0 0 0 0 0 0 0 0 0 0 0 0 0 0 0 0 0 0 0 0 0 0 
120010ef
30
JAL
1 0 0 4384
Ins_queue.size=1
SLB.size=0
ROB.size=1
ROB.L=1
ROB.L type=LUI
0
2
0 0 0 0 0 0 0 0 0 0 0 0 0 0 0 0 0 0 0 0 0 0 0 0 0 0 0 0 0 0 0 0 
fd010113
18
ADDI
2 2 16 -48
$$$$$$$$$$$$$$$1
Ins_queue.size=1
SLB.size=0
ROB.size=2
ROB.L=1
ROB.L type=LUI
0
3
0 0 0 0 0 0 0 0 0 0 0 0 0 0 0 0 0 0 0 0 0 0 0 0 0 0 0 0 0 0 0 0 
2112623
29
SW
12 2 1 44
$$$$$$$$$$$$$$$2
Ins_queue.size=1
SLB.size=0
ROB.size=2
ROB.L=2
ROB.L type=JAL
1
4
0 0 131072 0 0 0 0 0 0 0 0 0 0 0 0 0 0 0 0 0 0 0 0 0 0 0 0 0 0 0 0 0 
4100793
18
ADDI
15 0 1 65
$$$$$$$$$$$$$$$3
Ins_queue.size=1
SLB.size=1
ROB.size=2
ROB.L=3
ROB.L type=ADDI
2
5
0 8 131072 0 0 0 0 0 0 0 0 0 0 0 0 0 0 0 0 0 0 0 0 0 0 0 0 0 0 0 0 0 
f12c23
29
SW
24 2 15 24
Ins_queue.size=1
SLB.size=1
ROB.size=2
ROB.L=4
ROB.L type=SW
3
6
0 8 131024 0 0 0 0 0 0 0 0 0 0 0 0 0 0 0 0 0 0 0 0 0 0 0 0 0 0 0 0 0 
10e23
27
SB
28 2 0 28
$$$$$$$$$$$$$$$5
Ins_queue.size=1
SLB.size=2
ROB.size=3
ROB.L=4
ROB.L type=SW
3
7
0 8 131024 0 0 0 0 0 0 0 0 0 0 0 0 0 0 0 0 0 0 0 0 0 0 0 0 0 0 0 0 0 
4200793
18
ADDI
15 0 2 66
Ins_queue.size=1
SLB.size=3
ROB.size=4
ROB.L=4
ROB.L type=SW
3
8
0 8 131024 0 0 0 0 0 0 0 0 0 0 0 0 0 0 0 0 0 0 0 0 0 0 0 0 0 0 0 0 0 
f12823
29
SW
16 2 15 16
Ins_queue.size=1
SLB.size=3
ROB.size=5
ROB.L=4
ROB.L type=SW
3
9
0 8 131024 0 0 0 0 0 0 0 0 0 0 0 0 0 0 0 0 0 0 0 0 0 0 0 0 0 0 0 0 0 
10a23
27
SB
20 2 0 20
$$$$$$$$$$$$$$$8
Ins_queue.size=1
SLB.size=4
ROB.size=6
ROB.L=4
ROB.L type=SW
3
10
0 8 131024 0 0 0 0 0 0 0 0 0 0 0 0 0 0 0 0 0 0 0 0 0 0 0 0 0 0 0 0 0 
4300793
18
ADDI
15 0 3 67
Ins_queue.size=1
SLB.size=4
ROB.size=7
ROB.L=4
ROB.L type=SW
3
11
0 8 131024 0 0 0 0 0 0 0 0 0 0 0 0 0 0 0 0 0 0 0 0 0 0 0 0 0 0 0 0 0 
f12423
29
SW
8 2 15 8
Ins_queue.size=1
SLB.size=4
ROB.size=7
ROB.L=5
ROB.L type=ADDI
4
12
0 8 131024 0 0 0 0 0 0 0 0 0 0 0 0 0 0 0 0 0 0 0 0 0 0 0 0 0 0 0 0 0 
10623
27
SB
12 2 0 12
$$$$$$$$$$$$$$$11
Ins_queue.size=1
SLB.size=5
ROB.size=7
ROB.L=6
ROB.L type=SW
5
13
0 8 131024 0 0 0 0 0 0 0 0 0 0 0 0 65 0 0 0 0 0 0 0 0 0 0 0 0 0 0 0 0 
713
18
ADDI
14 0 0 0
Ins_queue.size=1
SLB.size=6
ROB.size=8
ROB.L=6
ROB.L type=SW
5
14
0 8 131024 0 0 0 0 0 0 0 0 0 0 0 0 65 0 0 0 0 0 0 0 0 0 0 0 0 0 0 0 0 
810693
18
ADDI
13 2 8 8
Ins_queue.size=1
SLB.size=6
ROB.size=9
ROB.L=6
ROB.L type=SW
5
15
0 8 131024 0 0 0 0 0 0 0 0 0 0 0 0 65 0 0 0 0 0 0 0 0 0 0 0 0 0 0 0 0 
1010613
18
ADDI
12 2 16 16
$$$$$$$$$$$$$$$14
Ins_queue.size=1
SLB.size=6
ROB.size=10
ROB.L=6
ROB.L type=SW
5
16
0 8 131024 0 0 0 0 0 0 0 0 0 0 0 0 65 0 0 0 0 0 0 0 0 0 0 0 0 0 0 0 0 
1810593
18
ADDI
11 2 24 24
$$$$$$$$$$$$$$$15
Ins_queue.size=1
SLB.size=6
ROB.size=11
ROB.L=6
ROB.L type=SW
5
17
0 8 131024 0 0 0 0 0 0 0 0 0 0 0 0 65 0 0 0 0 0 0 0 0 0 0 0 0 0 0 0 0 
a00513
18
ADDI
10 0 10 10
$$$$$$$$$$$$$$$16
Ins_queue.size=1
SLB.size=5
ROB.size=12
ROB.L=6
ROB.L type=SW
5
18
0 8 131024 0 0 0 0 0 0 0 0 0 0 0 0 65 0 0 0 0 0 0 0 0 0 0 0 0 0 0 0 0 
ee1ff0ef
30
JAL
1 31 1 -288
$$$$$$$$$$$$$$$17
Ins_queue.size=1
SLB.size=5
ROB.size=12
ROB.L=7
ROB.L type=SB
6
19
0 8 131024 0 0 0 0 0 0 0 0 0 0 0 0 65 0 0 0 0 0 0 0 0 0 0 0 0 0 0 0 0 
fe010113
18
ADDI
2 2 0 -32
$$$$$$$$$$$$$$$18
Ins_queue.size=1
SLB.size=5
ROB.size=13
ROB.L=7
ROB.L type=SB
6
20
0 8 131024 0 0 0 0 0 0 0 0 0 0 0 0 65 0 0 0 0 0 0 0 0 0 0 0 0 0 0 0 0 
112e23
29
SW
28 2 1 28
$$$$$$$$$$$$$$$19
Ins_queue.size=1
SLB.size=5
ROB.size=14
ROB.L=7
ROB.L type=SB
6
21
0 8 131024 0 0 0 0 0 0 0 0 0 0 0 0 65 0 0 0 0 0 0 0 0 0 0 0 0 0 0 0 0 
812c23
29
SW
24 2 8 24
$$$$$$$$$$$$$$$20
Ins_queue.size=1
SLB.size=6
ROB.size=15
ROB.L=7
ROB.L type=SB
6
22
0 8 131024 0 0 0 0 0 0 0 0 0 0 0 0 65 0 0 0 0 0 0 0 0 0 0 0 0 0 0 0 0 
912a23
29
SW
20 2 9 20
Ins_queue.size=1
SLB.size=7
ROB.size=16
ROB.L=7
ROB.L type=SB
6
23
0 8 131024 0 0 0 0 0 0 0 0 0 0 0 0 65 0 0 0 0 0 0 0 0 0 0 0 0 0 0 0 0 
1212823
29
SW
16 2 18 16
Ins_queue.size=1
SLB.size=7
ROB.size=17
ROB.L=7
ROB.L type=SB
6
24
0 8 131024 0 0 0 0 0 0 0 0 0 0 0 0 65 0 0 0 0 0 0 0 0 0 0 0 0 0 0 0 0 
1312623
29
SW
12 2 19 12
Ins_queue.size=1
SLB.size=8
ROB.size=17
ROB.L=8
ROB.L type=ADDI
7
25
0 8 131024 0 0 0 0 0 0 0 0 0 0 0 0 65 0 0 0 0 0 0 0 0 0 0 0 0 0 0 0 0 
1412423
29
SW
8 2 20 8
Ins_queue.size=1
SLB.size=9
ROB.size=17
ROB.L=9
ROB.L type=SW
8
26
0 8 131024 0 0 0 0 0 0 0 0 0 0 0 0 66 0 0 0 0 0 0 0 0 0 0 0 0 0 0 0 0 
58913
18
ADDI
18 11 0 0
Ins_queue.size=1
SLB.size=10
ROB.size=18
ROB.L=9
ROB.L type=SW
8
27
0 8 131024 0 0 0 0 0 0 0 0 0 0 0 0 66 0 0 0 0 0 0 0 0 0 0 0 0 0 0 0 0 
68993
18
ADDI
19 13 0 0
Ins_queue.size=1
SLB.size=10
ROB.size=19
ROB.L=9
ROB.L type=SW
8
28
0 8 131024 0 0 0 0 0 0 0 0 0 0 0 0 66 0 0 0 0 0 0 0 0 0 0 0 0 0 0 0 0 
70493
18
ADDI
9 14 0 0
$$$$$$$$$$$$$$$27
Ins_queue.size=1
SLB.size=10
ROB.size=20
ROB.L=9
ROB.L type=SW
8
29
0 8 131024 0 0 0 0 0 0 0 0 0 0 0 0 66 0 0 0 0 0 0 0 0 0 0 0 0 0 0 0 0 
100793
18
ADDI
15 0 1 1
$$$$$$$$$$$$$$$28
Ins_queue.size=1
SLB.size=10
ROB.size=21
ROB.L=9
ROB.L type=SW
8
30
0 8 131024 0 0 0 0 0 0 0 0 0 0 0 0 66 0 0 0 0 0 0 0 0 0 0 0 0 0 0 0 0 
8f50263
31
BEQ
4 10 15 132
$$$$$$$$$$$$$$$29
Ins_queue.size=1
SLB.size=9
ROB.size=22
ROB.L=9
ROB.L type=SW
8
31
0 8 131024 0 0 0 0 0 0 0 0 0 0 0 0 66 0 0 0 0 0 0 0 0 0 0 0 0 0 0 0 0 
60a13
18
ADDI
20 12 0 0
$$$$$$$$$$$$$$$30
Ins_queue.size=1
SLB.size=9
ROB.size=22
ROB.L=10
ROB.L type=SB
9
32
0 8 131024 0 0 0 0 0 0 0 0 0 0 0 0 66 0 0 0 0 0 0 0 0 0 0 0 0 0 0 0 0 
fff50413
18
ADDI
8 10 31 -1
$$$$$$$$$$$$$$$31
Ins_queue.size=1
SLB.size=9
ROB.size=23
ROB.L=10
ROB.L type=SB
9
33
0 8 131024 0 0 0 0 0 0 0 0 0 0 0 0 66 0 0 0 0 0 0 0 0 0 0 0 0 0 0 0 0 
60693
18
ADDI
13 12 0 0
$$$$$$$$$$$$$$$0
Ins_queue.size=1
SLB.size=9
ROB.size=24
ROB.L=10
ROB.L type=SB
9
34
0 8 131024 0 0 0 0 0 0 0 0 0 0 0 0 66 0 0 0 0 0 0 0 0 0 0 0 0 0 0 0 0 
98613
18
ADDI
12 19 0 0
$$$$$$$$$$$$$$$1
Ins_queue.size=1
SLB.size=9
ROB.size=25
ROB.L=10
ROB.L type=SB
9
35
0 8 131024 0 0 0 0 0 0 0 0 0 0 0 0 66 0 0 0 0 0 0 0 0 0 0 0 0 0 0 0 0 
40513
18
ADDI
10 8 0 0
$$$$$$$$$$$$$$$2
Ins_queue.size=1
SLB.size=9
ROB.size=26
ROB.L=10
ROB.L type=SB
9
36
0 8 131024 0 0 0 0 0 0 0 0 0 0 0 0 66 0 0 0 0 0 0 0 0 0 0 0 0 0 0 0 0 
fbdff0ef
30
JAL
1 31 29 -68
$$$$$$$$$$$$$$$3
Ins_queue.size=1
SLB.size=8
ROB.size=27
ROB.L=10
ROB.L type=SB
9
37
0 8 131024 0 0 0 0 0 0 0 0 0 0 0 0 66 0 0 0 0 0 0 0 0 0 0 0 0 0 0 0 0 
fe010113
18
ADDI
2 2 0 -32
$$$$$$$$$$$$$$$4
Ins_queue.size=1
SLB.size=8
ROB.size=27
ROB.L=11
ROB.L type=ADDI
10
38
0 8 131024 0 0 0 0 0 0 0 0 0 0 0 0 66 0 0 0 0 0 0 0 0 0 0 0 0 0 0 0 0 
112e23
29
SW
28 2 1 28
$$$$$$$$$$$$$$$5
Ins_queue.size=1
SLB.size=8
ROB.size=27
ROB.L=12
ROB.L type=SW
11
39
0 8 131024 0 0 0 0 0 0 0 0 0 0 0 0 67 0 0 0 0 0 0 0 0 0 0 0 0 0 0 0 0 
812c23
29
SW
24 2 8 24
$$$$$$$$$$$$$$$6
Ins_queue.size=1
SLB.size=9
ROB.size=28
ROB.L=12
ROB.L type=SW
11
40
0 8 131024 0 0 0 0 0 0 0 0 0 0 0 0 67 0 0 0 0 0 0 0 0 0 0 0 0 0 0 0 0 
