$$$$$$$$$$$$$$$$$$$$$$$$$$$$ Store 131068 8
$$$$$$$$$$$$$$$$$$$$$$$$$$$$ Store 131064 0
$$$$$$$$$$$$$$$$$$$$$$$$$$$$ Store 131060 0
$$$$$$$$$$$$$$$$$$$$$$$$$$$$ Store 131056 0
$$$$$$$$$$$$$$$$$$$$$$$$$$$$ Store 131052 0
$$$$$$$$$$$$$$$$$$$$$$$$$$$$ Store 131048 0
$$$$$$$$$$$$$$$$$$$$$$$$$$$$ Store 131044 0
$$$$$$$$$$$$$$$$$$$$$$$$$$$$ Store 5860 210
$$$$$$$$$$$$$$$$$$$$$$$$$$$$ Store 5872 0
$$$$$$$$$$$$$$$$$$$$$$$$$$$$ Store 5864 44488
$$$$$$$$$$$$$$$$$$$$$$$$$$$$ Store 5868 3399
$$$$$$$$$$$$$$$$$$$$$$$$$$$$ Store 131036 5280
$$$$$$$$$$$$$$$$$$$$$$$$$$$$ Store 131032 2147483647
$$$$$$$$$$$$$$$$$$$$$$$$$$$$ Store 131028 48271
$$$$$$$$$$$$$$$$$$$$$$$$$$$$ Store 131024 0
$$$$$$$$$$$$$$$$$$$$$$$$$$$$ Store 5872 20
$$$$$$$$$$$$$$$$$$$$$$$$$$$$ Store 5844 3654898
$$$$$$$$$$$$$$$$$$$$$$$$$$$$ Store 131036 5348
$$$$$$$$$$$$$$$$$$$$$$$$$$$$ Store 131032 2147483647
$$$$$$$$$$$$$$$$$$$$$$$$$$$$ Store 131028 48271
$$$$$$$$$$$$$$$$$$$$$$$$$$$$ Store 131024 0
$$$$$$$$$$$$$$$$$$$$$$$$$$$$ Store 5844 331922304
$$$$$$$$$$$$$$$$$$$$$$$$$$$$ Store 5856 5
$$$$$$$$$$$$$$$$$$$$$$$$$$$$ Store 6276 178
$$$$$$$$$$$$$$$$$$$$$$$$$$$$ Store 131036 5440
$$$$$$$$$$$$$$$$$$$$$$$$$$$$ Store 131032 0
$$$$$$$$$$$$$$$$$$$$$$$$$$$$ Store 131028 4096
$$$$$$$$$$$$$$$$$$$$$$$$$$$$ Store 131024 0
$$$$$$$$$$$$$$$$$$$$$$$$$$$$ Store 5844 1993529764
$$$$$$$$$$$$$$$$$$$$$$$$$$$$ Store 5876 5
$$$$$$$$$$$$$$$$$$$$$$$$$$$$ Store 131036 5440
$$$$$$$$$$$$$$$$$$$$$$$$$$$$ Store 131032 5
$$$$$$$$$$$$$$$$$$$$$$$$$$$$ Store 131028 4096
$$$$$$$$$$$$$$$$$$$$$$$$$$$$ Store 131024 5876
$$$$$$$$$$$$$$$$$$$$$$$$$$$$ Store 5844 933015974
$$$$$$$$$$$$$$$$$$$$$$$$$$$$ Store 5880 5
$$$$$$$$$$$$$$$$$$$$$$$$$$$$ Store 131036 5440
$$$$$$$$$$$$$$$$$$$$$$$$$$$$ Store 131032 10
$$$$$$$$$$$$$$$$$$$$$$$$$$$$ Store 131028 4096
$$$$$$$$$$$$$$$$$$$$$$$$$$$$ Store 131024 5880
$$$$$$$$$$$$$$$$$$$$$$$$$$$$ Store 5844 587036070
$$$$$$$$$$$$$$$$$$$$$$$$$$$$ Store 5884 1
$$$$$$$$$$$$$$$$$$$$$$$$$$$$ Store 131036 5440
$$$$$$$$$$$$$$$$$$$$$$$$$$$$ Store 131032 11
$$$$$$$$$$$$$$$$$$$$$$$$$$$$ Store 131028 4096
$$$$$$$$$$$$$$$$$$$$$$$$$$$$ Store 131024 5884
$$$$$$$$$$$$$$$$$$$$$$$$$$$$ Store 5844 771412805
$$$$$$$$$$$$$$$$$$$$$$$$$$$$ Store 5888 6
$$$$$$$$$$$$$$$$$$$$$$$$$$$$ Store 5892 193
$$$$$$$$$$$$$$$$$$$$$$$$$$$$ Store 131036 5548
$$$$$$$$$$$$$$$$$$$$$$$$$$$$ Store 131032 17
$$$$$$$$$$$$$$$$$$$$$$$$$$$$ Store 131028 4096
$$$$$$$$$$$$$$$$$$$$$$$$$$$$ Store 131024 5888
$$$$$$$$$$$$$$$$$$$$$$$$$$$$ Store 6276 356
$$$$$$$$$$$$$$$$$$$$$$$$$$$$ Store 6276 526
$$$$$$$$$$$$$$$$$$$$$$$$$$$$ Store 6276 700
$$$$$$$$$$$$$$$$$$$$$$$$$$$$ Store 6276 871
$$$$$$$$$$$$$$$$$$$$$$$$$$$$ Store 6276 1107
$$$$$$$$$$$$$$$$$$$$$$$$$$$$ Store 131036 5552
$$$$$$$$$$$$$$$$$$$$$$$$$$$$ Store 131032 17
$$$$$$$$$$$$$$$$$$$$$$$$$$$$ Store 131028 4096
$$$$$$$$$$$$$$$$$$$$$$$$$$$$ Store 131024 5888
$$$$$$$$$$$$$$$$$$$$$$$$$$$$ Store 6276 1279
$$$$$$$$$$$$$$$$$$$$$$$$$$$$ Store 5876 4
$$$$$$$$$$$$$$$$$$$$$$$$$$$$ Store 5880 4
$$$$$$$$$$$$$$$$$$$$$$$$$$$$ Store 5884 0
$$$$$$$$$$$$$$$$$$$$$$$$$$$$ Store 5888 5
$$$$$$$$$$$$$$$$$$$$$$$$$$$$ Store 5892 192
$$$$$$$$$$$$$$$$$$$$$$$$$$$$ Store 5896 5
$$$$$$$$$$$$$$$$$$$$$$$$$$$$ Store 5856 6
$$$$$$$$$$$$$$$$$$$$$$$$$$$$ Store 131036 5580
$$$$$$$$$$$$$$$$$$$$$$$$$$$$ Store 131032 1
$$$$$$$$$$$$$$$$$$$$$$$$$$$$ Store 131028 4096
$$$$$$$$$$$$$$$$$$$$$$$$$$$$ Store 131024 5888
$$$$$$$$$$$$$$$$$$$$$$$$$$$$ Store 5884 5
$$$$$$$$$$$$$$$$$$$$$$$$$$$$ Store 5888 0
$$$$$$$$$$$$$$$$$$$$$$$$$$$$ Store 5888 192
$$$$$$$$$$$$$$$$$$$$$$$$$$$$ Store 5892 0
$$$$$$$$$$$$$$$$$$$$$$$$$$$$ Store 5892 5
$$$$$$$$$$$$$$$$$$$$$$$$$$$$ Store 5896 0
$$$$$$$$$$$$$$$$$$$$$$$$$$$$ Store 5856 5
$$$$$$$$$$$$$$$$$$$$$$$$$$$$ Store 131036 5584
$$$$$$$$$$$$$$$$$$$$$$$$$$$$ Store 131032 1
$$$$$$$$$$$$$$$$$$$$$$$$$$$$ Store 131028 4096
$$$$$$$$$$$$$$$$$$$$$$$$$$$$ Store 131024 5888
$$$$$$$$$$$$$$$$$$$$$$$$$$$$ Store 6276 1448
$$$$$$$$$$$$$$$$$$$$$$$$$$$$ Store 6276 1625
$$$$$$$$$$$$$$$$$$$$$$$$$$$$ Store 6276 1801
$$$$$$$$$$$$$$$$$$$$$$$$$$$$ Store 6276 2166
$$$$$$$$$$$$$$$$$$$$$$$$$$$$ Store 6276 2336
$$$$$$$$$$$$$$$$$$$$$$$$$$$$ Store 6276 2511
$$$$$$$$$$$$$$$$$$$$$$$$$$$$ Store 5876 3
$$$$$$$$$$$$$$$$$$$$$$$$$$$$ Store 5880 3
$$$$$$$$$$$$$$$$$$$$$$$$$$$$ Store 5884 4
$$$$$$$$$$$$$$$$$$$$$$$$$$$$ Store 5888 191
$$$$$$$$$$$$$$$$$$$$$$$$$$$$ Store 5892 4
$$$$$$$$$$$$$$$$$$$$$$$$$$$$ Store 5896 5
$$$$$$$$$$$$$$$$$$$$$$$$$$$$ Store 5856 6
$$$$$$$$$$$$$$$$$$$$$$$$$$$$ Store 131036 5580
$$$$$$$$$$$$$$$$$$$$$$$$$$$$ Store 131032 2
$$$$$$$$$$$$$$$$$$$$$$$$$$$$ Store 131028 4096
$$$$$$$$$$$$$$$$$$$$$$$$$$$$ Store 131024 5888
$$$$$$$$$$$$$$$$$$$$$$$$$$$$ Store 131036 5584
$$$$$$$$$$$$$$$$$$$$$$$$$$$$ Store 131032 2
$$$$$$$$$$$$$$$$$$$$$$$$$$$$ Store 131028 4096
$$$$$$$$$$$$$$$$$$$$$$$$$$$$ Store 131024 5888
$$$$$$$$$$$$$$$$$$$$$$$$$$$$ Store 6276 2681
$$$$$$$$$$$$$$$$$$$$$$$$$$$$ Store 6276 2855
$$$$$$$$$$$$$$$$$$$$$$$$$$$$ Store 6276 3024
$$$$$$$$$$$$$$$$$$$$$$$$$$$$ Store 6276 3100
$$$$$$$$$$$$$$$$$$$$$$$$$$$$ Store 6276 3269
$$$$$$$$$$$$$$$$$$$$$$$$$$$$ Store 6276 3437
$$$$$$$$$$$$$$$$$$$$$$$$$$$$ Store 6276 3611
$$$$$$$$$$$$$$$$$$$$$$$$$$$$ Store 5876 2
$$$$$$$$$$$$$$$$$$$$$$$$$$$$ Store 5880 2
$$$$$$$$$$$$$$$$$$$$$$$$$$$$ Store 5884 3
$$$$$$$$$$$$$$$$$$$$$$$$$$$$ Store 5888 190
$$$$$$$$$$$$$$$$$$$$$$$$$$$$ Store 5892 3
$$$$$$$$$$$$$$$$$$$$$$$$$$$$ Store 5896 4
$$$$$$$$$$$$$$$$$$$$$$$$$$$$ Store 5900 6
$$$$$$$$$$$$$$$$$$$$$$$$$$$$ Store 5856 7
$$$$$$$$$$$$$$$$$$$$$$$$$$$$ Store 131036 5580
$$$$$$$$$$$$$$$$$$$$$$$$$$$$ Store 131032 3
$$$$$$$$$$$$$$$$$$$$$$$$$$$$ Store 131028 4096
$$$$$$$$$$$$$$$$$$$$$$$$$$$$ Store 131024 5888
$$$$$$$$$$$$$$$$$$$$$$$$$$$$ Store 131036 5584
$$$$$$$$$$$$$$$$$$$$$$$$$$$$ Store 131032 3
$$$$$$$$$$$$$$$$$$$$$$$$$$$$ Store 131028 4096
$$$$$$$$$$$$$$$$$$$$$$$$$$$$ Store 131024 5888
$$$$$$$$$$$$$$$$$$$$$$$$$$$$ Store 6276 3782
$$$$$$$$$$$$$$$$$$$$$$$$$$$$ Store 6276 3953
$$$$$$$$$$$$$$$$$$$$$$$$$$$$ Store 6276 4127
$$$$$$$$$$$$$$$$$$$$$$$$$$$$ Store 6276 4430
$$$$$$$$$$$$$$$$$$$$$$$$$$$$ Store 6276 4602
$$$$$$$$$$$$$$$$$$$$$$$$$$$$ Store 6276 4779
$$$$$$$$$$$$$$$$$$$$$$$$$$$$ Store 6276 4954
$$$$$$$$$$$$$$$$$$$$$$$$$$$$ Store 6276 5131
$$$$$$$$$$$$$$$$$$$$$$$$$$$$ Store 5876 1
$$$$$$$$$$$$$$$$$$$$$$$$$$$$ Store 5880 1
$$$$$$$$$$$$$$$$$$$$$$$$$$$$ Store 5884 2
$$$$$$$$$$$$$$$$$$$$$$$$$$$$ Store 5888 189
$$$$$$$$$$$$$$$$$$$$$$$$$$$$ Store 5892 2
$$$$$$$$$$$$$$$$$$$$$$$$$$$$ Store 5896 3
$$$$$$$$$$$$$$$$$$$$$$$$$$$$ Store 5900 5
$$$$$$$$$$$$$$$$$$$$$$$$$$$$ Store 5904 7
$$$$$$$$$$$$$$$$$$$$$$$$$$$$ Store 5856 8
$$$$$$$$$$$$$$$$$$$$$$$$$$$$ Store 131036 5580
$$$$$$$$$$$$$$$$$$$$$$$$$$$$ Store 131032 4
$$$$$$$$$$$$$$$$$$$$$$$$$$$$ Store 131028 4096
$$$$$$$$$$$$$$$$$$$$$$$$$$$$ Store 131024 5888
$$$$$$$$$$$$$$$$$$$$$$$$$$$$ Store 131036 5584
$$$$$$$$$$$$$$$$$$$$$$$$$$$$ Store 131032 4
$$$$$$$$$$$$$$$$$$$$$$$$$$$$ Store 131028 4096
$$$$$$$$$$$$$$$$$$$$$$$$$$$$ Store 131024 5888
$$$$$$$$$$$$$$$$$$$$$$$$$$$$ Store 6276 5303
$$$$$$$$$$$$$$$$$$$$$$$$$$$$ Store 6276 5475
$$$$$$$$$$$$$$$$$$$$$$$$$$$$ Store 6276 5646
$$$$$$$$$$$$$$$$$$$$$$$$$$$$ Store 6276 5984
$$$$$$$$$$$$$$$$$$$$$$$$$$$$ Store 6276 6159
$$$$$$$$$$$$$$$$$$$$$$$$$$$$ Store 6276 6329
$$$$$$$$$$$$$$$$$$$$$$$$$$$$ Store 6276 6505
$$$$$$$$$$$$$$$$$$$$$$$$$$$$ Store 6276 6683
$$$$$$$$$$$$$$$$$$$$$$$$$$$$ Store 6276 6859
$$$$$$$$$$$$$$$$$$$$$$$$$$$$ Store 5876 0
$$$$$$$$$$$$$$$$$$$$$$$$$$$$ Store 5880 0
$$$$$$$$$$$$$$$$$$$$$$$$$$$$ Store 5884 1
$$$$$$$$$$$$$$$$$$$$$$$$$$$$ Store 5888 188
$$$$$$$$$$$$$$$$$$$$$$$$$$$$ Store 5892 1
$$$$$$$$$$$$$$$$$$$$$$$$$$$$ Store 5896 2
$$$$$$$$$$$$$$$$$$$$$$$$$$$$ Store 5900 4
$$$$$$$$$$$$$$$$$$$$$$$$$$$$ Store 5904 6
$$$$$$$$$$$$$$$$$$$$$$$$$$$$ Store 5908 8
$$$$$$$$$$$$$$$$$$$$$$$$$$$$ Store 5856 9
$$$$$$$$$$$$$$$$$$$$$$$$$$$$ Store 131036 5580
$$$$$$$$$$$$$$$$$$$$$$$$$$$$ Store 131032 5
$$$$$$$$$$$$$$$$$$$$$$$$$$$$ Store 131028 4096
$$$$$$$$$$$$$$$$$$$$$$$$$$$$ Store 131024 5888
$$$$$$$$$$$$$$$$$$$$$$$$$$$$ Store 5876 1
$$$$$$$$$$$$$$$$$$$$$$$$$$$$ Store 5884 5888
6155
0 4928 131024 0 0 5448 0 0 5880 1 5876 8 9 1 9 0 0 8 4096 5892 4 4096 0 0 0 0 0 0 0 0 0 0 
6156
0 4928 131024 0 0 5448 0 0 5880 1 5876 8 9 1 9 0 0 8 4096 5892 4 4096 0 0 0 0 0 0 0 0 0 0 
6157
0 4928 131024 0 0 5448 0 0 5880 1 5876 2 9 1 9 0 0 8 4096 5892 4 4096 0 0 0 0 0 0 0 0 0 0 
6157
0 4928 131024 0 0 5448 0 0 5880 1 5876 2 9 1 9 0 0 8 4096 5892 4 4096 0 0 0 0 0 0 0 0 0 0 
6158
0 4928 131024 0 0 5448 0 0 5880 1 5876 2 9 1 9 0 0 8 4096 5892 4 4096 0 0 0 0 0 0 0 0 0 0 
6159
0 4928 131024 0 0 5448 0 0 5880 1 5876 2 9 1 9 5888 0 8 4096 5892 4 4096 0 0 0 0 0 0 0 0 0 0 
6160
0 4928 131024 0 0 5448 0 0 5880 1 5876 2 9 1 9 5888 0 8 4096 5892 4 4096 0 0 0 0 0 0 0 0 0 0 
6160
0 4928 131024 0 0 5448 0 0 5880 1 5876 2 9 1 9 5888 0 8 4096 5892 4 4096 0 0 0 0 0 0 0 0 0 0 
6160
0 4928 131024 0 0 5448 0 0 5880 1 5876 2 9 1 9 5888 0 8 4096 5892 4 4096 0 0 0 0 0 0 0 0 0 0 
6160
0 4928 131024 0 0 5448 0 0 5880 1 5876 2 9 1 9 5888 0 8 4096 5892 4 4096 0 0 0 0 0 0 0 0 0 0 
